[2024-11-23_00-01-07] Iniciando execução do programa
[2024-11-23_00-01-07] Iniciando listagem de arquivos do bucket
[2024-11-23_00-01-11] Arquivo encontrado: Avaliacoesid2.xlsx
[2024-11-23_00-01-12] Iniciando a leitura do arquivo: Avaliacoesid2.xlsx
[2024-11-23_00-01-19] Arquivo processado com sucesso: Avaliacoesid2.xlsx
[2024-11-23_00-01-20] Arquivo deletado do bucket: Avaliacoesid2.xlsx
[2024-11-23_00-01-20] Arquivo encontrado: DemandaPesquisaid1.xlsx
[2024-11-23_00-01-21] Iniciando a leitura do arquivo: DemandaPesquisaid1.xlsx
[2024-11-23_00-01-26] Arquivo processado com sucesso: DemandaPesquisaid1.xlsx
[2024-11-23_00-01-27] Arquivo deletado do bucket: DemandaPesquisaid1.xlsx
[2024-11-23_00-01-27] Processamento completo.
[2024-11-23_00-01-28] Log enviado para S3 com sucesso.
[2024-11-23_00-02-33] Iniciando execução do programa
[2024-11-23_00-02-33] Iniciando listagem de arquivos do bucket
[2024-11-23_00-02-37] Nenhum arquivo encontrado no bucket.
[2024-11-23_00-02-37] Processamento completo.
[2024-11-23_00-02-38] Log enviado para S3 com sucesso.
[2024-11-23_00-32-34] Iniciando execução do programa
[2024-11-23_00-32-34] Iniciando listagem de arquivos do bucket
[2024-11-23_00-32-40] Arquivo encontrado: Avaliacoesid2.xlsx
[2024-11-23_00-32-40] Iniciando a leitura do arquivo: Avaliacoesid2.xlsx
[2024-11-23_00-32-47] Arquivo processado com sucesso: Avaliacoesid2.xlsx
[2024-11-23_00-32-48] Arquivo deletado do bucket: Avaliacoesid2.xlsx
[2024-11-23_00-32-48] Arquivo encontrado: DemandaPesquisaid1.xlsx
[2024-11-23_00-32-48] Iniciando a leitura do arquivo: DemandaPesquisaid1.xlsx
[2024-11-23_00-32-54] Arquivo processado com sucesso: DemandaPesquisaid1.xlsx
[2024-11-23_00-32-55] Arquivo deletado do bucket: DemandaPesquisaid1.xlsx
[2024-11-23_00-32-55] Arquivo encontrado: ReclamacoesSemanaid4.xlsx
[2024-11-23_00-32-56] Iniciando a leitura do arquivo: ReclamacoesSemanaid4.xlsx
[2024-11-23_00-32-57] Arquivo processado com sucesso: ReclamacoesSemanaid4.xlsx
[2024-11-23_00-32-57] Arquivo deletado do bucket: ReclamacoesSemanaid4.xlsx
[2024-11-23_00-32-57] Processamento completo.
[2024-11-23_00-32-58] Log enviado para S3 com sucesso.
